<?xml version="1.0" encoding="UTF-8"?>
<!-- Generated by org.testng.reporters.JUnitReportReporter -->
<testsuite hostname="Galinas-MacBook-Air.local" name="narvar.TrackingPageTest" tests="1" failures="0" timestamp="3 Mar 2017 18:05:20 GMT" time="6.096" errors="0">
  <testcase name="testDeliveryStatusAndDatesMatch" time="6.096" classname="narvar.TrackingPageTest"/>
</testsuite> <!-- narvar.TrackingPageTest -->
